<?xml version="1.0" encoding="UTF-8"?>
<!-- Generated by org.testng.reporters.JUnitReportReporter -->
<testsuite hostname="L0610007655" name="TestRunner.Wayto_Automation_TestRunner" tests="1" failures="0" timestamp="29 Apr 2019 21:21:29 GMT" time="18.890" errors="0">
  <testcase name="feature" time="18.890" classname="TestRunner.Wayto_Automation_TestRunner"/>
</testsuite> <!-- TestRunner.Wayto_Automation_TestRunner -->
