<?xml version="1.0" encoding="UTF-8"?>
<!-- Generated by org.testng.reporters.JUnitReportReporter -->
<testsuite hostname="L0610007655" name="TestRunner.TestRunner" tests="1" failures="0" timestamp="29 Apr 2019 21:04:14 GMT" time="25.923" errors="0">
  <testcase name="feature" time="25.923" classname="TestRunner.TestRunner"/>
</testsuite> <!-- TestRunner.TestRunner -->
